[0m17:33:50.785078 [debug] [MainThread]: Sending event: {'category': 'dbt', 'action': 'invocation', 'label': 'start', 'context': [<snowplow_tracker.self_describing_json.SelfDescribingJson object at 0x105338160>, <snowplow_tracker.self_describing_json.SelfDescribingJson object at 0x1061979d0>, <snowplow_tracker.self_describing_json.SelfDescribingJson object at 0x106197eb0>]}


============================== 17:33:50.791344 | c24233f8-9b52-4325-ae5d-7972b7a358e2 ==============================
[0m17:33:50.791344 [info ] [MainThread]: Running with dbt=1.9.4
[0m17:33:50.791630 [debug] [MainThread]: running dbt with arguments {'printer_width': '80', 'indirect_selection': 'eager', 'write_json': 'True', 'log_cache_events': 'False', 'partial_parse': 'True', 'cache_selected_only': 'False', 'profiles_dir': '/Users/musiliadebayo/.dbt', 'fail_fast': 'False', 'debug': 'False', 'log_path': 'logs', 'version_check': 'True', 'warn_error': 'None', 'use_colors': 'True', 'use_experimental_parser': 'False', 'no_print': 'None', 'quiet': 'False', 'empty': 'None', 'log_format': 'default', 'introspect': 'True', 'warn_error_options': 'WarnErrorOptions(include=[], exclude=[])', 'invocation_command': 'dbt init northwind-project', 'target_path': 'None', 'static_parser': 'True', 'send_anonymous_usage_stats': 'True'}
[0m17:33:50.825298 [warn ] [MainThread]: [ConfigFolderDirectory]: Unable to parse logging event dictionary. Failed to parse dir field: expected string or bytes-like object.. Dictionary: {'dir': PosixPath('/Users/musiliadebayo/.dbt')}
[0m17:33:50.825532 [info ] [MainThread]: Creating dbt configuration folder at 
[0m17:37:08.989260 [debug] [MainThread]: Starter project path: /Users/musiliadebayo/Documents/northwind_analytics_engineering_project/env/lib/python3.9/site-packages/dbt/include/starter_project
[0m17:37:09.052343 [info ] [MainThread]: 
Your new dbt project "northwind_project" was created!

For more information on how to configure the profiles.yml file,
please consult the dbt documentation here:

  https://docs.getdbt.com/docs/configure-your-profile

One more thing:

Need help? Don't hesitate to reach out to us via GitHub issues or on Slack:

  https://community.getdbt.com/

Happy modeling!

[0m17:37:09.053546 [info ] [MainThread]: Setting up your profile.
[0m17:39:54.624973 [error] [MainThread]: Encountered an error:

[0m17:39:54.644653 [error] [MainThread]: Traceback (most recent call last):
  File "/Users/musiliadebayo/Documents/northwind_analytics_engineering_project/env/lib/python3.9/site-packages/dbt/cli/requires.py", line 153, in wrapper
    result, success = func(*args, **kwargs)
  File "/Users/musiliadebayo/Documents/northwind_analytics_engineering_project/env/lib/python3.9/site-packages/dbt/cli/requires.py", line 103, in wrapper
    return func(*args, **kwargs)
  File "/Users/musiliadebayo/Documents/northwind_analytics_engineering_project/env/lib/python3.9/site-packages/dbt/cli/main.py", line 477, in init
    results = task.run()
  File "/Users/musiliadebayo/Documents/northwind_analytics_engineering_project/env/lib/python3.9/site-packages/dbt/task/init.py", line 346, in run
    self.setup_profile(profile_name)
  File "/Users/musiliadebayo/Documents/northwind_analytics_engineering_project/env/lib/python3.9/site-packages/dbt/task/init.py", line 262, in setup_profile
    self.create_profile_from_target(adapter, profile_name=profile_name)
  File "/Users/musiliadebayo/Documents/northwind_analytics_engineering_project/env/lib/python3.9/site-packages/dbt/task/init.py", line 179, in create_profile_from_target
    self.create_profile_from_profile_template(profile_template, profile_name)
  File "/Users/musiliadebayo/Documents/northwind_analytics_engineering_project/env/lib/python3.9/site-packages/dbt/task/init.py", line 163, in create_profile_from_profile_template
    target = self.generate_target_from_input(prompts, initial_target)
  File "/Users/musiliadebayo/Documents/northwind_analytics_engineering_project/env/lib/python3.9/site-packages/dbt/task/init.py", line 129, in generate_target_from_input
    target[key] = click.prompt(
  File "/Users/musiliadebayo/Documents/northwind_analytics_engineering_project/env/lib/python3.9/site-packages/click/termui.py", line 164, in prompt
    value = prompt_func(prompt)
  File "/Users/musiliadebayo/Documents/northwind_analytics_engineering_project/env/lib/python3.9/site-packages/click/termui.py", line 147, in prompt_func
    raise Abort() from None
click.exceptions.Abort

[0m17:39:54.647404 [debug] [MainThread]: Resource report: {"command_name": "init", "command_success": false, "command_wall_clock_time": 363.9037, "process_in_blocks": "0", "process_kernel_time": 0.268468, "process_mem_max_rss": "178896896", "process_out_blocks": "0", "process_user_time": 0.956164}
[0m17:39:54.647727 [debug] [MainThread]: Command `dbt init` failed at 17:39:54.647658 after 363.90 seconds
[0m17:39:54.647935 [debug] [MainThread]: Sending event: {'category': 'dbt', 'action': 'invocation', 'label': 'end', 'context': [<snowplow_tracker.self_describing_json.SelfDescribingJson object at 0x105338160>, <snowplow_tracker.self_describing_json.SelfDescribingJson object at 0x1061909d0>, <snowplow_tracker.self_describing_json.SelfDescribingJson object at 0x1181f0c10>]}
[0m17:39:54.648156 [debug] [MainThread]: Flushing usage events
[0m17:39:55.820040 [debug] [MainThread]: An error was encountered while trying to flush usage events
[0m17:40:07.600864 [debug] [MainThread]: Sending event: {'category': 'dbt', 'action': 'invocation', 'label': 'start', 'context': [<snowplow_tracker.self_describing_json.SelfDescribingJson object at 0x107b7f220>, <snowplow_tracker.self_describing_json.SelfDescribingJson object at 0x108e0f970>, <snowplow_tracker.self_describing_json.SelfDescribingJson object at 0x108e0fe50>]}


============================== 17:40:07.604633 | 68ca8665-8ea2-4867-a1c6-5d12a8a06676 ==============================
[0m17:40:07.604633 [info ] [MainThread]: Running with dbt=1.9.4
[0m17:40:07.604924 [debug] [MainThread]: running dbt with arguments {'printer_width': '80', 'indirect_selection': 'eager', 'write_json': 'True', 'log_cache_events': 'False', 'partial_parse': 'True', 'cache_selected_only': 'False', 'profiles_dir': '/Users/musiliadebayo/.dbt', 'fail_fast': 'False', 'warn_error': 'None', 'log_path': 'logs', 'debug': 'False', 'version_check': 'True', 'use_colors': 'True', 'use_experimental_parser': 'False', 'empty': 'None', 'quiet': 'False', 'no_print': 'None', 'warn_error_options': 'WarnErrorOptions(include=[], exclude=[])', 'invocation_command': 'dbt init northwind_project', 'static_parser': 'True', 'log_format': 'default', 'target_path': 'None', 'introspect': 'True', 'send_anonymous_usage_stats': 'True'}
[0m17:40:07.635895 [info ] [MainThread]: A project called northwind_project already exists here.
[0m17:40:07.640101 [debug] [MainThread]: Resource report: {"command_name": "init", "command_success": true, "command_wall_clock_time": 0.08498708, "process_in_blocks": "0", "process_kernel_time": 0.137441, "process_mem_max_rss": "95436800", "process_out_blocks": "0", "process_user_time": 0.660966}
[0m17:40:07.640981 [debug] [MainThread]: Command `dbt init` succeeded at 17:40:07.640813 after 0.09 seconds
[0m17:40:07.641361 [debug] [MainThread]: Sending event: {'category': 'dbt', 'action': 'invocation', 'label': 'end', 'context': [<snowplow_tracker.self_describing_json.SelfDescribingJson object at 0x107b7f220>, <snowplow_tracker.self_describing_json.SelfDescribingJson object at 0x108e614c0>, <snowplow_tracker.self_describing_json.SelfDescribingJson object at 0x108dfe670>]}
[0m17:40:07.641722 [debug] [MainThread]: Flushing usage events
[0m17:40:08.760626 [debug] [MainThread]: An error was encountered while trying to flush usage events
[0m22:07:41.178945 [debug] [MainThread]: Sending event: {'category': 'dbt', 'action': 'invocation', 'label': 'start', 'context': [<snowplow_tracker.self_describing_json.SelfDescribingJson object at 0x105d801f0>, <snowplow_tracker.self_describing_json.SelfDescribingJson object at 0x106d0d910>, <snowplow_tracker.self_describing_json.SelfDescribingJson object at 0x106d0dee0>]}


============================== 22:07:41.183253 | cb395c45-89bf-466b-85d8-8e6e11c0e715 ==============================
[0m22:07:41.183253 [info ] [MainThread]: Running with dbt=1.9.4
[0m22:07:41.183573 [debug] [MainThread]: running dbt with arguments {'printer_width': '80', 'indirect_selection': 'eager', 'log_cache_events': 'False', 'write_json': 'True', 'partial_parse': 'True', 'cache_selected_only': 'False', 'warn_error': 'None', 'debug': 'False', 'fail_fast': 'False', 'log_path': 'logs', 'profiles_dir': '/Users/musiliadebayo/.dbt', 'version_check': 'True', 'use_colors': 'True', 'use_experimental_parser': 'False', 'no_print': 'None', 'quiet': 'False', 'empty': 'None', 'log_format': 'default', 'static_parser': 'True', 'invocation_command': 'dbt debug', 'introspect': 'True', 'target_path': 'None', 'warn_error_options': 'WarnErrorOptions(include=[], exclude=[])', 'send_anonymous_usage_stats': 'True'}
[0m22:07:41.209888 [info ] [MainThread]: dbt version: 1.9.4
[0m22:07:41.210088 [info ] [MainThread]: python version: 3.9.6
[0m22:07:41.210223 [info ] [MainThread]: python path: /Users/musiliadebayo/Documents/northwind_analytics_engineering_project/env/bin/python
[0m22:07:41.210350 [info ] [MainThread]: os info: macOS-14.4-arm64-arm-64bit
[0m22:07:42.439067 [info ] [MainThread]: Using profiles dir at /Users/musiliadebayo/.dbt
[0m22:07:42.439338 [info ] [MainThread]: Using profiles.yml file at /Users/musiliadebayo/.dbt/profiles.yml
[0m22:07:42.439479 [info ] [MainThread]: Using dbt_project.yml file at /Users/musiliadebayo/Documents/northwind_analytics_engineering_project/dbt_project.yml
[0m22:07:42.439626 [info ] [MainThread]: adapter type: bigquery
[0m22:07:42.439754 [info ] [MainThread]: adapter version: 1.9.1
[0m22:07:42.439884 [info ] [MainThread]: Configuration:
[0m22:07:42.440009 [info ] [MainThread]:   profiles.yml file [[32mOK found and valid[0m]
[0m22:07:42.440130 [info ] [MainThread]:   dbt_project.yml file [[31mERROR not found[0m]
[0m22:07:42.440247 [info ] [MainThread]: Required dependencies:
[0m22:07:42.440584 [debug] [MainThread]: Executing "git --help"
[0m22:07:42.460834 [debug] [MainThread]: STDOUT: "b"usage: git [-v | --version] [-h | --help] [-C <path>] [-c <name>=<value>]\n           [--exec-path[=<path>]] [--html-path] [--man-path] [--info-path]\n           [-p | --paginate | -P | --no-pager] [--no-replace-objects] [--bare]\n           [--git-dir=<path>] [--work-tree=<path>] [--namespace=<name>]\n           [--super-prefix=<path>] [--config-env=<name>=<envvar>]\n           <command> [<args>]\n\nThese are common Git commands used in various situations:\n\nstart a working area (see also: git help tutorial)\n   clone     Clone a repository into a new directory\n   init      Create an empty Git repository or reinitialize an existing one\n\nwork on the current change (see also: git help everyday)\n   add       Add file contents to the index\n   mv        Move or rename a file, a directory, or a symlink\n   restore   Restore working tree files\n   rm        Remove files from the working tree and from the index\n\nexamine the history and state (see also: git help revisions)\n   bisect    Use binary search to find the commit that introduced a bug\n   diff      Show changes between commits, commit and working tree, etc\n   grep      Print lines matching a pattern\n   log       Show commit logs\n   show      Show various types of objects\n   status    Show the working tree status\n\ngrow, mark and tweak your common history\n   branch    List, create, or delete branches\n   commit    Record changes to the repository\n   merge     Join two or more development histories together\n   rebase    Reapply commits on top of another base tip\n   reset     Reset current HEAD to the specified state\n   switch    Switch branches\n   tag       Create, list, delete or verify a tag object signed with GPG\n\ncollaborate (see also: git help workflows)\n   fetch     Download objects and refs from another repository\n   pull      Fetch from and integrate with another repository or a local branch\n   push      Update remote refs along with associated objects\n\n'git help -a' and 'git help -g' list available subcommands and some\nconcept guides. See 'git help <command>' or 'git help <concept>'\nto read about a specific subcommand or concept.\nSee 'git help git' for an overview of the system.\n""
[0m22:07:42.461272 [debug] [MainThread]: STDERR: "b''"
[0m22:07:42.461445 [info ] [MainThread]:  - git [[32mOK found[0m]

[0m22:07:42.461598 [info ] [MainThread]: Connection:
[0m22:07:42.461785 [info ] [MainThread]:   method: oauth
[0m22:07:42.461906 [info ] [MainThread]:   database: northwind-project-456620
[0m22:07:42.462023 [info ] [MainThread]:   execution_project: northwind-project-456620
[0m22:07:42.462138 [info ] [MainThread]:   schema: dbt_musili
[0m22:07:42.462256 [info ] [MainThread]:   location: US
[0m22:07:42.462371 [info ] [MainThread]:   priority: None
[0m22:07:42.462485 [info ] [MainThread]:   maximum_bytes_billed: None
[0m22:07:42.462605 [info ] [MainThread]:   impersonate_service_account: None
[0m22:07:42.462725 [info ] [MainThread]:   job_retry_deadline_seconds: None
[0m22:07:42.462839 [info ] [MainThread]:   job_retries: 1
[0m22:07:42.462957 [info ] [MainThread]:   job_creation_timeout_seconds: None
[0m22:07:42.463077 [info ] [MainThread]:   job_execution_timeout_seconds: 300
[0m22:07:42.463198 [info ] [MainThread]:   timeout_seconds: 300
[0m22:07:42.463315 [info ] [MainThread]:   client_id: None
[0m22:07:42.463430 [info ] [MainThread]:   token_uri: None
[0m22:07:42.463549 [info ] [MainThread]:   dataproc_region: None
[0m22:07:42.463662 [info ] [MainThread]:   dataproc_cluster_name: None
[0m22:07:42.463775 [info ] [MainThread]:   gcs_bucket: None
[0m22:07:42.463888 [info ] [MainThread]:   dataproc_batch: None
[0m22:07:42.464256 [info ] [MainThread]: Registered adapter: bigquery=1.9.1
[0m22:07:42.561392 [debug] [MainThread]: Acquiring new bigquery connection 'debug'
[0m22:07:42.561978 [debug] [MainThread]: On debug: select 1 as id
[0m22:07:42.562218 [debug] [MainThread]: Opening a new connection, currently in state init
[0m22:07:51.625132 [debug] [MainThread]: BigQuery adapter: Got an error when attempting to create a bigquery " "client: 'Runtime Error
  Failed to authenticate with supplied credentials
  error:
  Your default credentials were not found. To set up Application Default Credentials, see https://cloud.google.com/docs/authentication/external/set-up-adc for more information.'
[0m22:07:51.625718 [debug] [MainThread]: BigQuery adapter: Unhandled error while running:
select 1 as id
[0m22:07:51.626040 [debug] [MainThread]: BigQuery adapter: Database Error
  Runtime Error
    Failed to authenticate with supplied credentials
    error:
    Your default credentials were not found. To set up Application Default Credentials, see https://cloud.google.com/docs/authentication/external/set-up-adc for more information.
[0m22:07:51.626630 [info ] [MainThread]:   Connection test: [[31mERROR[0m]

[0m22:07:51.627294 [info ] [MainThread]: [31m2 checks failed:[0m
[0m22:07:51.627592 [info ] [MainThread]: Project loading failed for the following reason:
 project path </Users/musiliadebayo/Documents/northwind_analytics_engineering_project/dbt_project.yml> not found

[0m22:07:51.627851 [info ] [MainThread]: dbt was unable to connect to the specified database.
The database returned the following error:

  >'NoneType' object has no attribute 'close'

Check your database credentials and try again. For more information, visit:
https://docs.getdbt.com/docs/configure-your-profile


[0m22:07:51.633502 [debug] [MainThread]: Resource report: {"command_name": "debug", "command_success": false, "command_wall_clock_time": 10.502539, "process_in_blocks": "0", "process_kernel_time": 0.320589, "process_mem_max_rss": "182878208", "process_out_blocks": "0", "process_user_time": 1.029204}
[0m22:07:51.634028 [debug] [MainThread]: Command `dbt debug` failed at 22:07:51.633921 after 10.50 seconds
[0m22:07:51.634627 [debug] [MainThread]: Sending event: {'category': 'dbt', 'action': 'invocation', 'label': 'end', 'context': [<snowplow_tracker.self_describing_json.SelfDescribingJson object at 0x105d801f0>, <snowplow_tracker.self_describing_json.SelfDescribingJson object at 0x10dcc7cd0>, <snowplow_tracker.self_describing_json.SelfDescribingJson object at 0x10dcc72e0>]}
[0m22:07:51.635364 [debug] [MainThread]: Flushing usage events
[0m22:07:52.767078 [debug] [MainThread]: An error was encountered while trying to flush usage events
[0m10:40:44.836494 [debug] [MainThread]: Sending event: {'category': 'dbt', 'action': 'invocation', 'label': 'start', 'context': [<snowplow_tracker.self_describing_json.SelfDescribingJson object at 0x1200f1310>, <snowplow_tracker.self_describing_json.SelfDescribingJson object at 0x120f50820>, <snowplow_tracker.self_describing_json.SelfDescribingJson object at 0x120f50130>]}


============================== 10:40:44.845060 | a0467f83-4b8f-46d3-b9da-74a0dc85f194 ==============================
[0m10:40:44.845060 [info ] [MainThread]: Running with dbt=1.9.4
[0m10:40:44.845372 [debug] [MainThread]: running dbt with arguments {'printer_width': '80', 'indirect_selection': 'eager', 'log_cache_events': 'False', 'write_json': 'True', 'partial_parse': 'True', 'cache_selected_only': 'False', 'profiles_dir': '/Users/musiliadebayo/.dbt', 'version_check': 'True', 'debug': 'False', 'log_path': 'logs', 'fail_fast': 'False', 'warn_error': 'None', 'use_colors': 'True', 'use_experimental_parser': 'False', 'empty': 'None', 'quiet': 'False', 'no_print': 'None', 'warn_error_options': 'WarnErrorOptions(include=[], exclude=[])', 'static_parser': 'True', 'log_format': 'default', 'invocation_command': 'dbt debug', 'target_path': 'None', 'introspect': 'True', 'send_anonymous_usage_stats': 'True'}
[0m10:40:44.898912 [info ] [MainThread]: dbt version: 1.9.4
[0m10:40:44.899166 [info ] [MainThread]: python version: 3.9.6
[0m10:40:44.899318 [info ] [MainThread]: python path: /Users/musiliadebayo/Documents/northwind_analytics_engineering_project/env/bin/python
[0m10:40:44.899464 [info ] [MainThread]: os info: macOS-14.4-arm64-arm-64bit
[0m10:40:50.437038 [info ] [MainThread]: Using profiles dir at /Users/musiliadebayo/.dbt
[0m10:40:50.437347 [info ] [MainThread]: Using profiles.yml file at /Users/musiliadebayo/.dbt/profiles.yml
[0m10:40:50.437524 [info ] [MainThread]: Using dbt_project.yml file at /Users/musiliadebayo/Documents/northwind_analytics_engineering_project/dbt_project.yml
[0m10:40:50.437690 [info ] [MainThread]: adapter type: bigquery
[0m10:40:50.437842 [info ] [MainThread]: adapter version: 1.9.1
[0m10:40:50.438001 [info ] [MainThread]: Configuration:
[0m10:40:50.438146 [info ] [MainThread]:   profiles.yml file [[32mOK found and valid[0m]
[0m10:40:50.438286 [info ] [MainThread]:   dbt_project.yml file [[31mERROR not found[0m]
[0m10:40:50.438442 [info ] [MainThread]: Required dependencies:
[0m10:40:50.438796 [debug] [MainThread]: Executing "git --help"
[0m10:40:50.483074 [debug] [MainThread]: STDOUT: "b"usage: git [-v | --version] [-h | --help] [-C <path>] [-c <name>=<value>]\n           [--exec-path[=<path>]] [--html-path] [--man-path] [--info-path]\n           [-p | --paginate | -P | --no-pager] [--no-replace-objects] [--bare]\n           [--git-dir=<path>] [--work-tree=<path>] [--namespace=<name>]\n           [--super-prefix=<path>] [--config-env=<name>=<envvar>]\n           <command> [<args>]\n\nThese are common Git commands used in various situations:\n\nstart a working area (see also: git help tutorial)\n   clone     Clone a repository into a new directory\n   init      Create an empty Git repository or reinitialize an existing one\n\nwork on the current change (see also: git help everyday)\n   add       Add file contents to the index\n   mv        Move or rename a file, a directory, or a symlink\n   restore   Restore working tree files\n   rm        Remove files from the working tree and from the index\n\nexamine the history and state (see also: git help revisions)\n   bisect    Use binary search to find the commit that introduced a bug\n   diff      Show changes between commits, commit and working tree, etc\n   grep      Print lines matching a pattern\n   log       Show commit logs\n   show      Show various types of objects\n   status    Show the working tree status\n\ngrow, mark and tweak your common history\n   branch    List, create, or delete branches\n   commit    Record changes to the repository\n   merge     Join two or more development histories together\n   rebase    Reapply commits on top of another base tip\n   reset     Reset current HEAD to the specified state\n   switch    Switch branches\n   tag       Create, list, delete or verify a tag object signed with GPG\n\ncollaborate (see also: git help workflows)\n   fetch     Download objects and refs from another repository\n   pull      Fetch from and integrate with another repository or a local branch\n   push      Update remote refs along with associated objects\n\n'git help -a' and 'git help -g' list available subcommands and some\nconcept guides. See 'git help <command>' or 'git help <concept>'\nto read about a specific subcommand or concept.\nSee 'git help git' for an overview of the system.\n""
[0m10:40:50.484173 [debug] [MainThread]: STDERR: "b''"
[0m10:40:50.485418 [info ] [MainThread]:  - git [[32mOK found[0m]

[0m10:40:50.485991 [info ] [MainThread]: Connection:
[0m10:40:50.486551 [info ] [MainThread]:   method: service-account
[0m10:40:50.486935 [info ] [MainThread]:   database: northwind-project-456620
[0m10:40:50.487369 [info ] [MainThread]:   execution_project: northwind-project-456620
[0m10:40:50.487830 [info ] [MainThread]:   schema: dbt_musili
[0m10:40:50.488231 [info ] [MainThread]:   location: US
[0m10:40:50.488572 [info ] [MainThread]:   priority: interactive
[0m10:40:50.488824 [info ] [MainThread]:   maximum_bytes_billed: None
[0m10:40:50.488980 [info ] [MainThread]:   impersonate_service_account: None
[0m10:40:50.489129 [info ] [MainThread]:   job_retry_deadline_seconds: None
[0m10:40:50.489262 [info ] [MainThread]:   job_retries: 1
[0m10:40:50.489391 [info ] [MainThread]:   job_creation_timeout_seconds: None
[0m10:40:50.489519 [info ] [MainThread]:   job_execution_timeout_seconds: 300
[0m10:40:50.489650 [info ] [MainThread]:   timeout_seconds: 300
[0m10:40:50.489779 [info ] [MainThread]:   client_id: None
[0m10:40:50.489909 [info ] [MainThread]:   token_uri: None
[0m10:40:50.490036 [info ] [MainThread]:   dataproc_region: None
[0m10:40:50.490165 [info ] [MainThread]:   dataproc_cluster_name: None
[0m10:40:50.490298 [info ] [MainThread]:   gcs_bucket: None
[0m10:40:50.490425 [info ] [MainThread]:   dataproc_batch: None
[0m10:40:50.490829 [info ] [MainThread]: Registered adapter: bigquery=1.9.1
[0m10:40:50.642712 [debug] [MainThread]: Acquiring new bigquery connection 'debug'
[0m10:40:50.643043 [debug] [MainThread]: On debug: select 1 as id
[0m10:40:50.643391 [debug] [MainThread]: Opening a new connection, currently in state init
[0m10:40:53.421842 [debug] [MainThread]: BigQuery adapter: https://console.cloud.google.com/bigquery?project=northwind-project-456620&j=bq:US:e733903b-5c6a-4e59-bcbc-2940305bf5b9&page=queryresults
[0m10:40:55.587328 [info ] [MainThread]:   Connection test: [[32mOK connection ok[0m]

[0m10:40:55.587873 [info ] [MainThread]: [31m1 check failed:[0m
[0m10:40:55.588185 [info ] [MainThread]: Project loading failed for the following reason:
 project path </Users/musiliadebayo/Documents/northwind_analytics_engineering_project/dbt_project.yml> not found

[0m10:40:55.613504 [debug] [MainThread]: Resource report: {"command_name": "debug", "command_success": false, "command_wall_clock_time": 10.863366, "process_in_blocks": "0", "process_kernel_time": 0.898227, "process_mem_max_rss": "195608576", "process_out_blocks": "0", "process_user_time": 2.092296}
[0m10:40:55.614137 [debug] [MainThread]: Command `dbt debug` failed at 10:40:55.614044 after 10.86 seconds
[0m10:40:55.614495 [debug] [MainThread]: Connection 'debug' was properly closed.
[0m10:40:55.614872 [debug] [MainThread]: Sending event: {'category': 'dbt', 'action': 'invocation', 'label': 'end', 'context': [<snowplow_tracker.self_describing_json.SelfDescribingJson object at 0x1200f1310>, <snowplow_tracker.self_describing_json.SelfDescribingJson object at 0x106976f10>, <snowplow_tracker.self_describing_json.SelfDescribingJson object at 0x13350f880>]}
[0m10:40:55.615291 [debug] [MainThread]: Flushing usage events
[0m10:40:56.982431 [debug] [MainThread]: An error was encountered while trying to flush usage events
[0m16:51:03.470012 [debug] [MainThread]: Sending event: {'category': 'dbt', 'action': 'invocation', 'label': 'start', 'context': [<snowplow_tracker.self_describing_json.SelfDescribingJson object at 0x106b42ba0>, <snowplow_tracker.self_describing_json.SelfDescribingJson object at 0x107cbbc50>, <snowplow_tracker.self_describing_json.SelfDescribingJson object at 0x107cbbed0>]}


============================== 16:51:03.477649 | 0eb033cb-f64c-4c4d-b356-135533ba21e1 ==============================
[0m16:51:03.477649 [info ] [MainThread]: Running with dbt=1.9.4
[0m16:51:03.477935 [debug] [MainThread]: running dbt with arguments {'printer_width': '80', 'indirect_selection': 'eager', 'log_cache_events': 'False', 'write_json': 'True', 'partial_parse': 'True', 'cache_selected_only': 'False', 'profiles_dir': '/Users/musiliadebayo/.dbt', 'fail_fast': 'False', 'debug': 'False', 'log_path': 'logs', 'warn_error': 'None', 'version_check': 'True', 'use_colors': 'True', 'use_experimental_parser': 'False', 'no_print': 'None', 'quiet': 'False', 'empty': 'False', 'warn_error_options': 'WarnErrorOptions(include=[], exclude=[])', 'introspect': 'True', 'static_parser': 'True', 'invocation_command': 'dbt run -m warehouse.dimdate', 'target_path': 'None', 'log_format': 'default', 'send_anonymous_usage_stats': 'True'}
[0m16:51:03.478177 [error] [MainThread]: Encountered an error:
Runtime Error
  No dbt_project.yml found at expected path /Users/musiliadebayo/Documents/northwind_analytics_engineering_project/dbt_project.yml
  Verify that each entry within packages.yml (and their transitive dependencies) contains a file named dbt_project.yml
  
[0m16:51:03.504395 [debug] [MainThread]: Resource report: {"command_name": "run", "command_success": false, "command_wall_clock_time": 0.074372455, "process_in_blocks": "0", "process_kernel_time": 0.210151, "process_mem_max_rss": "106315776", "process_out_blocks": "0", "process_user_time": 0.776675}
[0m16:51:03.504714 [debug] [MainThread]: Command `dbt run` failed at 16:51:03.504653 after 0.07 seconds
[0m16:51:03.504905 [debug] [MainThread]: Sending event: {'category': 'dbt', 'action': 'invocation', 'label': 'end', 'context': [<snowplow_tracker.self_describing_json.SelfDescribingJson object at 0x107d28640>, <snowplow_tracker.self_describing_json.SelfDescribingJson object at 0x107d343b0>, <snowplow_tracker.self_describing_json.SelfDescribingJson object at 0x107af16a0>]}
[0m16:51:03.505068 [debug] [MainThread]: Flushing usage events
[0m16:51:03.516897 [debug] [MainThread]: An error was encountered while trying to flush usage events
[0m16:54:33.786574 [debug] [MainThread]: Sending event: {'category': 'dbt', 'action': 'invocation', 'label': 'start', 'context': [<snowplow_tracker.self_describing_json.SelfDescribingJson object at 0x107231310>, <snowplow_tracker.self_describing_json.SelfDescribingJson object at 0x10808f670>, <snowplow_tracker.self_describing_json.SelfDescribingJson object at 0x10808ff10>]}


============================== 16:54:33.789865 | cd10f3f2-f6a9-4c78-80d1-b8047f2c9361 ==============================
[0m16:54:33.789865 [info ] [MainThread]: Running with dbt=1.9.4
[0m16:54:33.790161 [debug] [MainThread]: running dbt with arguments {'printer_width': '80', 'indirect_selection': 'eager', 'log_cache_events': 'False', 'write_json': 'True', 'partial_parse': 'True', 'cache_selected_only': 'False', 'profiles_dir': '/Users/musiliadebayo/.dbt', 'debug': 'False', 'version_check': 'True', 'log_path': 'logs', 'fail_fast': 'False', 'warn_error': 'None', 'use_colors': 'True', 'use_experimental_parser': 'False', 'empty': 'False', 'quiet': 'False', 'no_print': 'None', 'log_format': 'default', 'static_parser': 'True', 'invocation_command': 'dbt run -m warehouse.dim_date', 'introspect': 'True', 'target_path': 'None', 'warn_error_options': 'WarnErrorOptions(include=[], exclude=[])', 'send_anonymous_usage_stats': 'True'}
[0m16:54:33.790455 [error] [MainThread]: Encountered an error:
Runtime Error
  No dbt_project.yml found at expected path /Users/musiliadebayo/Documents/northwind_analytics_engineering_project/dbt_project.yml
  Verify that each entry within packages.yml (and their transitive dependencies) contains a file named dbt_project.yml
  
[0m16:54:33.792292 [debug] [MainThread]: Resource report: {"command_name": "run", "command_success": false, "command_wall_clock_time": 0.04932496, "process_in_blocks": "0", "process_kernel_time": 0.141657, "process_mem_max_rss": "93356032", "process_out_blocks": "0", "process_user_time": 0.681646}
[0m16:54:33.792544 [debug] [MainThread]: Command `dbt run` failed at 16:54:33.792490 after 0.05 seconds
[0m16:54:33.792724 [debug] [MainThread]: Sending event: {'category': 'dbt', 'action': 'invocation', 'label': 'end', 'context': [<snowplow_tracker.self_describing_json.SelfDescribingJson object at 0x107231310>, <snowplow_tracker.self_describing_json.SelfDescribingJson object at 0x10808d3a0>, <snowplow_tracker.self_describing_json.SelfDescribingJson object at 0x10808d940>]}
[0m16:54:33.792902 [debug] [MainThread]: Flushing usage events
[0m16:54:33.801681 [debug] [MainThread]: An error was encountered while trying to flush usage events
[0m22:47:27.188476 [debug] [MainThread]: Sending event: {'category': 'dbt', 'action': 'invocation', 'label': 'start', 'context': [<snowplow_tracker.self_describing_json.SelfDescribingJson object at 0x1066112e0>, <snowplow_tracker.self_describing_json.SelfDescribingJson object at 0x1207916a0>, <snowplow_tracker.self_describing_json.SelfDescribingJson object at 0x120791f10>]}


============================== 22:47:27.197202 | f081e13c-0399-47e6-b532-f729c2c19679 ==============================
[0m22:47:27.197202 [info ] [MainThread]: Running with dbt=1.9.4
[0m22:47:27.197639 [debug] [MainThread]: running dbt with arguments {'printer_width': '80', 'indirect_selection': 'eager', 'write_json': 'True', 'log_cache_events': 'False', 'partial_parse': 'True', 'cache_selected_only': 'False', 'profiles_dir': '/Users/musiliadebayo/.dbt', 'version_check': 'True', 'warn_error': 'None', 'log_path': 'logs', 'debug': 'False', 'fail_fast': 'False', 'use_colors': 'True', 'use_experimental_parser': 'False', 'empty': 'False', 'quiet': 'False', 'no_print': 'None', 'log_format': 'default', 'introspect': 'True', 'invocation_command': 'dbt run -m analytics_dbt.obt_sales_overview.sql', 'warn_error_options': 'WarnErrorOptions(include=[], exclude=[])', 'target_path': 'None', 'static_parser': 'True', 'send_anonymous_usage_stats': 'True'}
[0m22:47:27.198075 [error] [MainThread]: Encountered an error:
Runtime Error
  No dbt_project.yml found at expected path /Users/musiliadebayo/Documents/northwind_analytics_engineering_project/dbt_project.yml
  Verify that each entry within packages.yml (and their transitive dependencies) contains a file named dbt_project.yml
  
[0m22:47:27.228884 [debug] [MainThread]: Resource report: {"command_name": "run", "command_success": false, "command_wall_clock_time": 0.15487808, "process_in_blocks": "0", "process_kernel_time": 1.033696, "process_mem_max_rss": "93224960", "process_out_blocks": "0", "process_user_time": 1.908431}
[0m22:47:27.229230 [debug] [MainThread]: Command `dbt run` failed at 22:47:27.229171 after 0.16 seconds
[0m22:47:27.229465 [debug] [MainThread]: Sending event: {'category': 'dbt', 'action': 'invocation', 'label': 'end', 'context': [<snowplow_tracker.self_describing_json.SelfDescribingJson object at 0x1066112e0>, <snowplow_tracker.self_describing_json.SelfDescribingJson object at 0x12078d280>, <snowplow_tracker.self_describing_json.SelfDescribingJson object at 0x12078d580>]}
[0m22:47:27.229677 [debug] [MainThread]: Flushing usage events
[0m22:47:28.367110 [debug] [MainThread]: An error was encountered while trying to flush usage events
